This file contains any messages produced by compilers while
running configure, to aid debugging if configure makes a mistake.

It was created by configure, which was
generated by GNU Autoconf 2.59.  Invocation command line was

  $ ./configure 

## --------- ##
## Platform. ##
## --------- ##

hostname = centos32
uname -m = i686
uname -r = 2.6.18-238.el5
uname -s = Linux
uname -v = #1 SMP Thu Jan 13 16:24:47 EST 2011

/usr/bin/uname -p = unknown
/bin/uname -X     = unknown

/bin/arch              = i686
/usr/bin/arch -k       = unknown
/usr/convex/getsysinfo = unknown
hostinfo               = unknown
/bin/machine           = unknown
/usr/bin/oslevel       = unknown
/bin/universe          = unknown

PATH: /usr/kerberos/sbin
PATH: /usr/kerberos/bin
PATH: /usr/local/sbin
PATH: /usr/local/bin
PATH: /sbin
PATH: /bin
PATH: /usr/sbin
PATH: /usr/bin
PATH: /root/bin


## ----------- ##
## Core tests. ##
## ----------- ##

configure:1466: checking for egrep
configure:1476: result: grep -E
configure:1481: checking for a sed that does not truncate output
configure:1535: result: /bin/sed
configure:1665: checking for cc
configure:1681: found /usr/bin/cc
configure:1691: result: cc
configure:1712: checking for C compiler version
configure:1715: cc --version </dev/null >&5
cc (GCC) 4.1.2 20080704 (Red Hat 4.1.2-52)
Copyright (C) 2006 Free Software Foundation, Inc.
This is free software; see the source for copying conditions.  There is NO
warranty; not even for MERCHANTABILITY or FITNESS FOR A PARTICULAR PURPOSE.

configure:1718: $? = 0
configure:1720: cc -v </dev/null >&5
Using built-in specs.
Target: i386-redhat-linux
Configured with: ../configure --prefix=/usr --mandir=/usr/share/man --infodir=/usr/share/info --enable-shared --enable-threads=posix --enable-checking=release --with-system-zlib --enable-__cxa_atexit --disable-libunwind-exceptions --enable-libgcj-multifile --enable-languages=c,c++,objc,obj-c++,java,fortran,ada --enable-java-awt=gtk --disable-dssi --disable-plugin --with-java-home=/usr/lib/jvm/java-1.4.2-gcj-1.4.2.0/jre --with-cpu=generic --host=i386-redhat-linux
Thread model: posix
gcc version 4.1.2 20080704 (Red Hat 4.1.2-52)
configure:1723: $? = 0
configure:1725: cc -V </dev/null >&5
cc: '-V' option must have argument
configure:1728: $? = 1
configure:1751: checking for C compiler default output file name
configure:1754: cc    conftest.c  >&5
configure:1757: $? = 0
configure:1803: result: a.out
configure:1808: checking whether the C compiler works
configure:1814: ./a.out
configure:1817: $? = 0
configure:1834: result: yes
configure:1841: checking whether we are cross compiling
configure:1843: result: no
configure:1846: checking for suffix of executables
configure:1848: cc -o conftest    conftest.c  >&5
configure:1851: $? = 0
configure:1876: result: 
configure:1882: checking for suffix of object files
configure:1903: cc -c   conftest.c >&5
configure:1906: $? = 0
configure:1928: result: o
configure:1932: checking whether we are using the GNU C compiler
configure:1956: cc -c   conftest.c >&5
configure:1962: $? = 0
configure:1966: test -z 
			 || test ! -s conftest.err
configure:1969: $? = 0
configure:1972: test -s conftest.o
configure:1975: $? = 0
configure:1988: result: yes
configure:1994: checking whether cc accepts -g
configure:2015: cc -c -g  conftest.c >&5
configure:2021: $? = 0
configure:2025: test -z 
			 || test ! -s conftest.err
configure:2028: $? = 0
configure:2031: test -s conftest.o
configure:2034: $? = 0
configure:2045: result: yes
configure:2062: checking for cc option to accept ANSI C
configure:2132: cc  -c -g -O2  conftest.c >&5
configure:2138: $? = 0
configure:2142: test -z 
			 || test ! -s conftest.err
configure:2145: $? = 0
configure:2148: test -s conftest.o
configure:2151: $? = 0
configure:2169: result: none needed
configure:2187: cc -c -g -O2  conftest.c >&5
conftest.c:2: error: expected '=', ',', ';', 'asm' or '__attribute__' before 'me'
configure:2193: $? = 1
configure: failed program was:
| #ifndef __cplusplus
|   choke me
| #endif
configure:2332: checking how to run the C preprocessor
configure:2367: cc -E  conftest.c
configure:2373: $? = 0
configure:2405: cc -E  conftest.c
conftest.c:9:28: error: ac_nonexistent.h: No such file or directory
configure:2411: $? = 1
configure: failed program was:
| /* confdefs.h.  */
| 
| #define PACKAGE_NAME ""
| #define PACKAGE_TARNAME ""
| #define PACKAGE_VERSION ""
| #define PACKAGE_STRING ""
| #define PACKAGE_BUGREPORT ""
| /* end confdefs.h.  */
| #include <ac_nonexistent.h>
configure:2450: result: cc -E
configure:2474: cc -E  conftest.c
configure:2480: $? = 0
configure:2512: cc -E  conftest.c
conftest.c:9:28: error: ac_nonexistent.h: No such file or directory
configure:2518: $? = 1
configure: failed program was:
| /* confdefs.h.  */
| 
| #define PACKAGE_NAME ""
| #define PACKAGE_TARNAME ""
| #define PACKAGE_VERSION ""
| #define PACKAGE_STRING ""
| #define PACKAGE_BUGREPORT ""
| /* end confdefs.h.  */
| #include <ac_nonexistent.h>
configure:2564: checking for icc
configure:2577: result: no
configure:2591: checking for suncc
configure:2604: result: no
configure:2622: checking whether cc understands -c and -o together
configure:2649: cc -c conftest.c -o conftest.o >&5
configure:2652: $? = 0
configure:2654: cc -c conftest.c -o conftest.o >&5
configure:2657: $? = 0
configure:2696: result: yes
configure:2712: checking for system library directory
configure:2727: result: lib
configure:2734: checking if compiler supports -R
configure:2758: cc -o conftest -g -O2   conftest.c -R /usr/lib  >&5
cc: unrecognized option '-R'
/usr/lib: file not recognized: Is a directory
collect2: ld returned 1 exit status
configure:2764: $? = 1
configure: failed program was:
| /* confdefs.h.  */
| 
| #define PACKAGE_NAME ""
| #define PACKAGE_TARNAME ""
| #define PACKAGE_VERSION ""
| #define PACKAGE_STRING ""
| #define PACKAGE_BUGREPORT ""
| /* end confdefs.h.  */
| 
| int
| main ()
| {
| 
|   ;
|   return 0;
| }
configure:2791: result: no
configure:2796: checking if compiler supports -Wl,-rpath,
configure:2820: cc -o conftest -g -O2   conftest.c -Wl,-rpath,/usr/lib  >&5
configure:2826: $? = 0
configure:2830: test -z 
			 || test ! -s conftest.err
configure:2833: $? = 0
configure:2836: test -s conftest
configure:2839: $? = 0
configure:2853: result: yes
configure:2896: checking build system type
configure:2914: result: i686-pc-linux-gnu
configure:2922: checking host system type
configure:2936: result: i686-pc-linux-gnu
configure:2944: checking target system type
configure:2958: result: i686-pc-linux-gnu
configure:3053: checking for PHP prefix
configure:3055: result: /usr/local
configure:3057: checking for PHP includes
configure:3059: result: -I/usr/local/include/php -I/usr/local/include/php/main -I/usr/local/include/php/TSRM -I/usr/local/include/php/Zend -I/usr/local/include/php/ext -I/usr/local/include/php/ext/date/lib
configure:3061: checking for PHP extension directory
configure:3063: result: /usr/local/lib/php/extensions/no-debug-non-zts-20100525
configure:3065: checking for PHP installed headers prefix
configure:3067: result: /usr/local/include/php
configure:3070: checking if debug is enabled
configure:3100: result: no
configure:3103: checking if zts is enabled
configure:3133: result: no
configure:3204: checking for re2c
configure:3233: result: no
configure:3257: WARNING: You will need re2c 0.13.4 or later if you want to regenerate PHP parsers.
configure:3271: checking for gawk
configure:3288: found /bin/gawk
configure:3298: result: gawk
configure:3347: checking for pwatch support
configure:3387: result: yes, shared
configure:3789: checking for ld used by cc
configure:3856: result: /usr/bin/ld
configure:3865: checking if the linker (/usr/bin/ld) is GNU ld
configure:3880: result: yes
configure:3885: checking for /usr/bin/ld option to reload object files
configure:3892: result: -r
configure:3910: checking for BSD-compatible nm
configure:3959: result: /usr/bin/nm -B
configure:3963: checking whether ln -s works
configure:3967: result: yes
configure:3974: checking how to recognize dependent libraries
configure:4160: result: pass_all
configure:4401: checking for ANSI C header files
configure:4426: cc -c -g -O2  conftest.c >&5
configure:4432: $? = 0
configure:4436: test -z 
			 || test ! -s conftest.err
configure:4439: $? = 0
configure:4442: test -s conftest.o
configure:4445: $? = 0
configure:4534: cc -o conftest -g -O2   conftest.c  >&5
conftest.c: In function 'main':
conftest.c:27: warning: incompatible implicit declaration of built-in function 'exit'
configure:4537: $? = 0
configure:4539: ./conftest
configure:4542: $? = 0
configure:4557: result: yes
configure:4581: checking for sys/types.h
configure:4597: cc -c -g -O2  conftest.c >&5
configure:4603: $? = 0
configure:4607: test -z 
			 || test ! -s conftest.err
configure:4610: $? = 0
configure:4613: test -s conftest.o
configure:4616: $? = 0
configure:4627: result: yes
configure:4581: checking for sys/stat.h
configure:4597: cc -c -g -O2  conftest.c >&5
configure:4603: $? = 0
configure:4607: test -z 
			 || test ! -s conftest.err
configure:4610: $? = 0
configure:4613: test -s conftest.o
configure:4616: $? = 0
configure:4627: result: yes
configure:4581: checking for stdlib.h
configure:4597: cc -c -g -O2  conftest.c >&5
configure:4603: $? = 0
configure:4607: test -z 
			 || test ! -s conftest.err
configure:4610: $? = 0
configure:4613: test -s conftest.o
configure:4616: $? = 0
configure:4627: result: yes
configure:4581: checking for string.h
configure:4597: cc -c -g -O2  conftest.c >&5
configure:4603: $? = 0
configure:4607: test -z 
			 || test ! -s conftest.err
configure:4610: $? = 0
configure:4613: test -s conftest.o
configure:4616: $? = 0
configure:4627: result: yes
configure:4581: checking for memory.h
configure:4597: cc -c -g -O2  conftest.c >&5
configure:4603: $? = 0
configure:4607: test -z 
			 || test ! -s conftest.err
configure:4610: $? = 0
configure:4613: test -s conftest.o
configure:4616: $? = 0
configure:4627: result: yes
configure:4581: checking for strings.h
configure:4597: cc -c -g -O2  conftest.c >&5
configure:4603: $? = 0
configure:4607: test -z 
			 || test ! -s conftest.err
configure:4610: $? = 0
configure:4613: test -s conftest.o
configure:4616: $? = 0
configure:4627: result: yes
configure:4581: checking for inttypes.h
configure:4597: cc -c -g -O2  conftest.c >&5
configure:4603: $? = 0
configure:4607: test -z 
			 || test ! -s conftest.err
configure:4610: $? = 0
configure:4613: test -s conftest.o
configure:4616: $? = 0
configure:4627: result: yes
configure:4581: checking for stdint.h
configure:4597: cc -c -g -O2  conftest.c >&5
configure:4603: $? = 0
configure:4607: test -z 
			 || test ! -s conftest.err
configure:4610: $? = 0
configure:4613: test -s conftest.o
configure:4616: $? = 0
configure:4627: result: yes
configure:4581: checking for unistd.h
configure:4597: cc -c -g -O2  conftest.c >&5
configure:4603: $? = 0
configure:4607: test -z 
			 || test ! -s conftest.err
configure:4610: $? = 0
configure:4613: test -s conftest.o
configure:4616: $? = 0
configure:4627: result: yes
configure:4653: checking dlfcn.h usability
configure:4665: cc -c -g -O2  conftest.c >&5
configure:4671: $? = 0
configure:4675: test -z 
			 || test ! -s conftest.err
configure:4678: $? = 0
configure:4681: test -s conftest.o
configure:4684: $? = 0
configure:4694: result: yes
configure:4698: checking dlfcn.h presence
configure:4708: cc -E  conftest.c
configure:4714: $? = 0
configure:4734: result: yes
configure:4769: checking for dlfcn.h
configure:4776: result: yes
configure:4801: checking the maximum length of command line arguments
configure:4913: result: 98304
configure:4925: checking command to parse /usr/bin/nm -B output from cc object
configure:5030: cc -c -g -O2  conftest.c >&5
configure:5033: $? = 0
configure:5037: /usr/bin/nm -B conftest.o \| sed -n -e 's/^.*[ 	]\([ABCDGIRSTW][ABCDGIRSTW]*\)[ 	][ 	]*\([_A-Za-z][_A-Za-z0-9]*\)$/\1 \2 \2/p' \> conftest.nm
configure:5040: $? = 0
configure:5092: cc -o conftest -g -O2   conftest.c conftstm.o >&5
configure:5095: $? = 0
configure:5133: result: ok
configure:5137: checking for objdir
configure:5152: result: .libs
configure:5242: checking for ar
configure:5258: found /usr/bin/ar
configure:5269: result: ar
configure:5322: checking for ranlib
configure:5338: found /usr/bin/ranlib
configure:5349: result: ranlib
configure:5402: checking for strip
configure:5418: found /usr/bin/strip
configure:5429: result: strip
configure:5965: checking if cc supports -fno-rtti -fno-exceptions
configure:5983: cc -c -g -O2  -fno-rtti -fno-exceptions conftest.c >&5
cc1: warning: command line option "-fno-rtti" is valid for C++/ObjC++ but not for C
configure:5987: $? = 0
configure:6000: result: no
configure:6015: checking for cc option to produce PIC
configure:6255: result: -fPIC
configure:6263: checking if cc PIC flag -fPIC works
configure:6281: cc -c -g -O2  -fPIC -DPIC conftest.c >&5
configure:6285: $? = 0
configure:6298: result: yes
configure:6326: checking if cc static flag -static works
configure:6354: result: yes
configure:6364: checking if cc supports -c -o file.o
configure:6385: cc -c -g -O2  -o out/conftest2.o conftest.c >&5
configure:6389: $? = 0
configure:6411: result: yes
configure:6437: checking whether the cc linker (/usr/bin/ld) supports shared libraries
configure:7365: result: yes
configure:7386: checking whether -lc should be explicitly linked in
configure:7391: cc -c -g -O2  conftest.c >&5
configure:7394: $? = 0
configure:7409: cc -shared conftest.o  -v -Wl,-soname -Wl,conftest -o conftest 2\>\&1 \| grep  -lc  \>/dev/null 2\>\&1
configure:7412: $? = 0
configure:7424: result: no
configure:7432: checking dynamic linker characteristics
configure:8030: result: GNU/Linux ld.so
configure:8054: checking how to hardcode library paths into programs
configure:8079: result: immediate
configure:8093: checking whether stripping libraries is possible
configure:8098: result: yes
configure:8933: checking if libtool supports shared libraries
configure:8935: result: yes
configure:8938: checking whether to build shared libraries
configure:8959: result: yes
configure:8962: checking whether to build static libraries
configure:8966: result: no
configure:9061: result:
creating libtool
configure:12752: creating ./config.status

## ---------------------- ##
## Running config.status. ##
## ---------------------- ##

This file was extended by config.status, which was
generated by GNU Autoconf 2.59.  Invocation command line was

  CONFIG_FILES    = 
  CONFIG_HEADERS  = 
  CONFIG_LINKS    = 
  CONFIG_COMMANDS = 
  $ ./config.status 

on centos32

config.status:454: creating config.h

## ---------------- ##
## Cache variables. ##
## ---------------- ##

ac_cv_build=i686-pc-linux-gnu
ac_cv_build_alias=i686-pc-linux-gnu
ac_cv_c_compiler_gnu=yes
ac_cv_env_CC_set=
ac_cv_env_CC_value=
ac_cv_env_CFLAGS_set=
ac_cv_env_CFLAGS_value=
ac_cv_env_CPPFLAGS_set=
ac_cv_env_CPPFLAGS_value=
ac_cv_env_CPP_set=
ac_cv_env_CPP_value=
ac_cv_env_LDFLAGS_set=
ac_cv_env_LDFLAGS_value=
ac_cv_env_build_alias_set=
ac_cv_env_build_alias_value=
ac_cv_env_host_alias_set=
ac_cv_env_host_alias_value=
ac_cv_env_target_alias_set=
ac_cv_env_target_alias_value=
ac_cv_exeext=
ac_cv_header_dlfcn_h=yes
ac_cv_header_inttypes_h=yes
ac_cv_header_memory_h=yes
ac_cv_header_stdc=yes
ac_cv_header_stdint_h=yes
ac_cv_header_stdlib_h=yes
ac_cv_header_string_h=yes
ac_cv_header_strings_h=yes
ac_cv_header_sys_stat_h=yes
ac_cv_header_sys_types_h=yes
ac_cv_header_unistd_h=yes
ac_cv_host=i686-pc-linux-gnu
ac_cv_host_alias=i686-pc-linux-gnu
ac_cv_objext=o
ac_cv_prog_AWK=gawk
ac_cv_prog_CPP='cc -E'
ac_cv_prog_ac_ct_AR=ar
ac_cv_prog_ac_ct_CC=cc
ac_cv_prog_ac_ct_RANLIB=ranlib
ac_cv_prog_ac_ct_STRIP=strip
ac_cv_prog_cc_cc_c_o=yes
ac_cv_prog_cc_g=yes
ac_cv_prog_cc_stdc=
ac_cv_prog_egrep='grep -E'
ac_cv_target=i686-pc-linux-gnu
ac_cv_target_alias=i686-pc-linux-gnu
lt_cv_deplibs_check_method=pass_all
lt_cv_file_magic_cmd='$MAGIC_CMD'
lt_cv_file_magic_test_file=
lt_cv_ld_reload_flag=-r
lt_cv_objdir=.libs
lt_cv_path_LD=/usr/bin/ld
lt_cv_path_NM='/usr/bin/nm -B'
lt_cv_path_SED=/bin/sed
lt_cv_prog_compiler_c_o=yes
lt_cv_prog_compiler_pic_works=yes
lt_cv_prog_compiler_rtti_exceptions=no
lt_cv_prog_compiler_static_works=yes
lt_cv_prog_gnu_ld=yes
lt_cv_sys_global_symbol_pipe='sed -n -e '\''s/^.*[ 	]\([ABCDGIRSTW][ABCDGIRSTW]*\)[ 	][ 	]*\([_A-Za-z][_A-Za-z0-9]*\)$/\1 \2 \2/p'\'''
lt_cv_sys_global_symbol_to_c_name_address='sed -n -e '\''s/^: \([^ ]*\) $/  {\"\1\", (lt_ptr) 0},/p'\'' -e '\''s/^[BCDEGRST] \([^ ]*\) \([^ ]*\)$/  {"\2", (lt_ptr) \&\2},/p'\'''
lt_cv_sys_global_symbol_to_cdecl='sed -n -e '\''s/^. .* \(.*\)$/extern int \1;/p'\'''
lt_cv_sys_lib_dlsearch_path_spec='/lib /usr/lib /usr/local/lib /usr/lib/mysql /usr/lib/qt-3.3/lib /usr/lib/vmware-tools/lib32/libvmGuestLib.so /usr/lib/vmware-tools/lib64/libvmGuestLib.so /usr/lib/vmware-tools/lib32/libvmGuestLibJava.so /usr/lib/vmware-tools/lib64/libvmGuestLibJava.so /usr/lib/vmware-tools/lib32/libDeployPkg.so /usr/lib/vmware-tools/lib64/libDeployPkg.so /usr/lib/xulrunner-1.9.2 '
lt_cv_sys_lib_search_path_spec='/usr/lib/gcc/i386-redhat-linux/4.1.2 /usr/lib /lib'
lt_cv_sys_max_cmd_len=98304
lt_lt_cv_prog_compiler_c_o='"yes"'
lt_lt_cv_sys_global_symbol_pipe='"sed -n -e '\''s/^.*[ 	]\\([ABCDGIRSTW][ABCDGIRSTW]*\\)[ 	][ 	]*\\([_A-Za-z][_A-Za-z0-9]*\\)\$/\\1 \\2 \\2/p'\''"'
lt_lt_cv_sys_global_symbol_to_c_name_address='"sed -n -e '\''s/^: \\([^ ]*\\) \$/  {\\\"\\1\\\", (lt_ptr) 0},/p'\'' -e '\''s/^[BCDEGRST] \\([^ ]*\\) \\([^ ]*\\)\$/  {\"\\2\", (lt_ptr) \\&\\2},/p'\''"'
lt_lt_cv_sys_global_symbol_to_cdecl='"sed -n -e '\''s/^. .* \\(.*\\)\$/extern int \\1;/p'\''"'
php_cv_cc_dashr=no
php_cv_cc_rpath=yes

## ----------------- ##
## Output variables. ##
## ----------------- ##

AR='ar'
AWK='gawk'
CC='cc'
CFLAGS='-g -O2'
CONFIGURE_COMMAND=' './configure' '
CONFIGURE_OPTIONS=''
CPP='cc -E'
CPPFLAGS=' -DHAVE_CONFIG_H'
DEFS='-DHAVE_CONFIG_H'
DSYMUTIL=''
ECHO='echo'
ECHO_C=''
ECHO_N='-n'
ECHO_T=''
EGREP='grep -E'
EXEEXT=''
LDFLAGS=''
LIBOBJS=''
LIBS=''
LIBTOOL='$(SHELL) $(top_builddir)/libtool'
LN_S='ln -s'
LTLIBOBJS=''
NMEDIT=''
OBJEXT='o'
PACKAGE_BUGREPORT=''
PACKAGE_NAME=''
PACKAGE_STRING=''
PACKAGE_TARNAME=''
PACKAGE_VERSION=''
PATH_SEPARATOR=':'
RANLIB='ranlib'
RE2C='exit 0;'
SED='/bin/sed'
SHELL='/bin/sh'
SHLIB_DL_SUFFIX_NAME='so'
SHLIB_SUFFIX_NAME='so'
STRIP='strip'
ac_ct_AR='ar'
ac_ct_CC='cc'
ac_ct_DSYMUTIL=''
ac_ct_NMEDIT=''
ac_ct_RANLIB='ranlib'
ac_ct_STRIP='strip'
bindir='${exec_prefix}/bin'
build='i686-pc-linux-gnu'
build_alias=''
build_cpu='i686'
build_os='linux-gnu'
build_vendor='pc'
datadir='${prefix}/share'
exec_prefix='$(prefix)'
host='i686-pc-linux-gnu'
host_alias='i686-pc-linux-gnu'
host_cpu='i686'
host_os='linux-gnu'
host_vendor='pc'
includedir='${prefix}/include'
infodir='${prefix}/info'
libdir='${exec_prefix}/lib'
libexecdir='${exec_prefix}/libexec'
localstatedir='${prefix}/var'
mandir='${prefix}/man'
oldincludedir='/usr/include'
prefix='/usr/local'
program_transform_name='s,x,x,'
sbindir='${exec_prefix}/sbin'
sharedstatedir='${prefix}/com'
sysconfdir='${prefix}/etc'
target='i686-pc-linux-gnu'
target_alias=''
target_cpu='i686'
target_os='linux-gnu'
target_vendor='pc'

## ----------- ##
## confdefs.h. ##
## ----------- ##

#define COMPILE_DL_PWATCH 1
#define HAVE_DLFCN_H 1
#define HAVE_INTTYPES_H 1
#define HAVE_MEMORY_H 1
#define HAVE_STDINT_H 1
#define HAVE_STDLIB_H 1
#define HAVE_STRINGS_H 1
#define HAVE_STRING_H 1
#define HAVE_SYS_STAT_H 1
#define HAVE_SYS_TYPES_H 1
#define HAVE_UNISTD_H 1
#define PACKAGE_BUGREPORT ""
#define PACKAGE_NAME ""
#define PACKAGE_STRING ""
#define PACKAGE_TARNAME ""
#define PACKAGE_VERSION ""
#define STDC_HEADERS 1

configure: exit 0
